<?xml version="1.0" encoding="UTF-8"?>
<!-- Generated by org.testng.reporters.JUnitReportReporter -->
<testsuite skipped="0" hostname="LAPTOP-4TVU3RPT" name="com.crm.qa.testcases.HomePageTest" tests="3" failures="0" timestamp="01 Oct 2019 17:17:22 GMT" time="36.332" errors="0">
  <testcase name="titleTest" time="12.870" classname="com.crm.qa.testcases.HomePageTest"/>
  <testcase name="actionLinkDisplayTest" time="11.901" classname="com.crm.qa.testcases.HomePageTest"/>
  <testcase name="loginButtonTest" time="11.561" classname="com.crm.qa.testcases.HomePageTest"/>
</testsuite> <!-- com.crm.qa.testcases.HomePageTest -->
