<?xml version="1.0" encoding="UTF-8"?>
<!-- Generated by org.testng.reporters.JUnitReportReporter -->
<testsuite skipped="0" hostname="LAPTOP-4TVU3RPT" name="com.crm.qa.testcases.AboutsPageTest" tests="2" failures="0" timestamp="01 Oct 2019 17:16:30 GMT" time="0.246" errors="0">
  <testcase name="labelTest" time="0.176" classname="com.crm.qa.testcases.AboutsPageTest"/>
  <testcase name="CRMLogoTest" time="0.070" classname="com.crm.qa.testcases.AboutsPageTest"/>
</testsuite> <!-- com.crm.qa.testcases.AboutsPageTest -->
