<?xml version="1.0" encoding="UTF-8"?>
<!-- Generated by org.testng.reporters.JUnitReportReporter -->
<testsuite skipped="0" hostname="LAPTOP-4TVU3RPT" name="com.crm.qa.testcases.LoginPageTest" tests="1" failures="0" timestamp="01 Oct 2019 17:18:05 GMT" time="18.132" errors="0">
  <testcase name="loginTest" time="18.132" classname="com.crm.qa.testcases.LoginPageTest"/>
</testsuite> <!-- com.crm.qa.testcases.LoginPageTest -->
